TN:
SF:controllers\assetsController.js
FN:9,(anonymous_0)
FN:69,(anonymous_1)
FN:88,(anonymous_2)
FN:166,(anonymous_3)
FNF:4
FNH:4
FNDA:5,(anonymous_0)
FNDA:1,(anonymous_1)
FNDA:5,(anonymous_2)
FNDA:4,(anonymous_3)
DA:2,1
DA:3,1
DA:9,1
DA:10,5
DA:11,5
DA:12,5
DA:14,5
DA:16,5
DA:17,2
DA:18,2
DA:20,2
DA:21,1
DA:22,1
DA:25,2
DA:26,2
DA:28,2
DA:29,2
DA:36,3
DA:54,3
DA:56,3
DA:57,0
DA:58,0
DA:61,3
DA:62,3
DA:64,3
DA:66,2
DA:69,1
DA:79,1
DA:80,1
DA:88,1
DA:89,5
DA:91,5
DA:92,0
DA:95,5
DA:97,5
DA:98,5
DA:100,4
DA:101,1
DA:107,3
DA:112,3
DA:113,1
DA:116,2
DA:119,2
DA:122,2
DA:149,2
DA:151,2
DA:157,1
DA:158,1
DA:166,1
DA:167,4
DA:168,4
DA:170,4
DA:172,4
DA:177,3
DA:178,1
DA:181,2
DA:184,2
DA:196,2
DA:203,1
DA:204,1
LF:60
LH:57
BRDA:10,0,0,5
BRDA:10,0,1,2
BRDA:11,1,0,5
BRDA:11,1,1,0
BRDA:16,2,0,2
BRDA:16,2,1,3
BRDA:20,3,0,1
BRDA:20,3,1,1
BRDA:56,4,0,0
BRDA:56,4,1,3
BRDA:89,5,0,5
BRDA:89,5,1,0
BRDA:91,6,0,0
BRDA:91,6,1,5
BRDA:100,7,0,1
BRDA:100,7,1,3
BRDA:112,8,0,1
BRDA:112,8,1,2
BRDA:119,9,0,2
BRDA:119,9,1,0
BRDA:126,10,0,2
BRDA:126,10,1,0
BRDA:134,11,0,2
BRDA:134,11,1,2
BRDA:135,12,0,2
BRDA:135,12,1,2
BRDA:136,13,0,2
BRDA:136,13,1,2
BRDA:137,14,0,2
BRDA:137,14,1,2
BRDA:140,15,0,2
BRDA:140,15,1,2
BRDA:141,16,0,2
BRDA:141,16,1,2
BRDA:142,17,0,1
BRDA:142,17,1,1
BRDA:142,18,0,1
BRDA:142,18,1,1
BRDA:167,19,0,4
BRDA:167,19,1,0
BRDA:168,20,0,4
BRDA:168,20,1,3
BRDA:177,21,0,1
BRDA:177,21,1,2
BRF:44
BRH:37
end_of_record
TN:
SF:controllers\authController.js
FN:7,(anonymous_0)
FN:14,(anonymous_1)
FN:51,(anonymous_2)
FN:75,(anonymous_3)
FN:90,(anonymous_4)
FN:148,(anonymous_5)
FN:193,(anonymous_6)
FNF:7
FNH:6
FNDA:3,(anonymous_0)
FNDA:8,(anonymous_1)
FNDA:7,(anonymous_2)
FNDA:0,(anonymous_3)
FNDA:5,(anonymous_4)
FNDA:7,(anonymous_5)
FNDA:5,(anonymous_6)
DA:1,1
DA:2,1
DA:3,1
DA:4,1
DA:7,1
DA:8,3
DA:14,1
DA:15,8
DA:18,8
DA:19,4
DA:22,4
DA:24,4
DA:25,3
DA:26,1
DA:30,2
DA:37,2
DA:44,1
DA:51,1
DA:52,7
DA:54,7
DA:55,3
DA:57,4
DA:58,4
DA:59,3
DA:60,2
DA:63,1
DA:69,1
DA:75,1
DA:76,0
DA:77,0
DA:78,0
DA:79,0
DA:81,0
DA:83,0
DA:90,1
DA:91,5
DA:92,5
DA:93,5
DA:94,5
DA:95,1
DA:99,4
DA:102,4
DA:103,4
DA:105,4
DA:108,4
DA:109,4
DA:111,4
DA:117,4
DA:118,1
DA:119,1
DA:123,3
DA:131,3
DA:137,2
DA:139,2
DA:140,2
DA:141,0
DA:142,0
DA:143,0
DA:148,1
DA:149,7
DA:150,7
DA:153,7
DA:154,1
DA:156,6
DA:157,1
DA:159,5
DA:160,1
DA:162,4
DA:163,1
DA:166,3
DA:168,3
DA:170,3
DA:175,2
DA:176,1
DA:180,1
DA:181,1
DA:182,1
DA:184,1
DA:186,1
DA:188,1
DA:193,1
DA:194,5
DA:196,5
DA:197,5
DA:199,5
DA:204,4
DA:205,3
DA:208,1
DA:210,1
LF:89
LH:80
BRDA:15,0,0,8
BRDA:15,0,1,1
BRDA:18,1,0,4
BRDA:18,1,1,4
BRDA:18,2,0,8
BRDA:18,2,1,6
BRDA:18,2,2,5
BRDA:25,3,0,1
BRDA:25,3,1,2
BRDA:52,4,0,7
BRDA:52,4,1,1
BRDA:54,5,0,3
BRDA:54,5,1,4
BRDA:54,6,0,7
BRDA:54,6,1,5
BRDA:59,7,0,2
BRDA:59,7,1,1
BRDA:59,8,0,3
BRDA:59,8,1,2
BRDA:78,9,0,0
BRDA:78,9,1,0
BRDA:94,10,0,1
BRDA:94,10,1,4
BRDA:108,11,0,4
BRDA:108,11,1,0
BRDA:117,12,0,1
BRDA:117,12,1,3
BRDA:117,13,0,4
BRDA:117,13,1,3
BRDA:153,14,0,1
BRDA:153,14,1,6
BRDA:156,15,0,1
BRDA:156,15,1,5
BRDA:159,16,0,1
BRDA:159,16,1,4
BRDA:162,17,0,1
BRDA:162,17,1,3
BRDA:175,18,0,1
BRDA:175,18,1,1
BRDA:204,19,0,3
BRDA:204,19,1,1
BRF:41
BRH:38
end_of_record
TN:
SF:controllers\conversationController.js
FN:10,(anonymous_0)
FN:63,(anonymous_1)
FN:109,(anonymous_2)
FN:167,(anonymous_3)
FN:205,(anonymous_4)
FN:252,(anonymous_5)
FNF:6
FNH:0
FNDA:0,(anonymous_0)
FNDA:0,(anonymous_1)
FNDA:0,(anonymous_2)
FNDA:0,(anonymous_3)
FNDA:0,(anonymous_4)
FNDA:0,(anonymous_5)
DA:1,0
DA:2,0
DA:3,0
DA:10,0
DA:11,0
DA:12,0
DA:13,0
DA:16,0
DA:19,0
DA:26,0
DA:33,0
DA:34,0
DA:35,0
DA:37,0
DA:49,0
DA:50,0
DA:63,0
DA:64,0
DA:65,0
DA:66,0
DA:68,0
DA:70,0
DA:79,0
DA:84,0
DA:95,0
DA:96,0
DA:109,0
DA:110,0
DA:111,0
DA:112,0
DA:113,0
DA:116,0
DA:121,0
DA:122,0
DA:129,0
DA:137,0
DA:139,0
DA:153,0
DA:154,0
DA:167,0
DA:168,0
DA:169,0
DA:170,0
DA:171,0
DA:173,0
DA:179,0
DA:180,0
DA:186,0
DA:191,0
DA:192,0
DA:205,0
DA:206,0
DA:207,0
DA:208,0
DA:210,0
DA:215,0
DA:216,0
DA:223,0
DA:224,0
DA:228,0
DA:231,0
DA:233,0
DA:238,0
DA:239,0
DA:252,0
DA:253,0
DA:254,0
DA:255,0
DA:256,0
DA:258,0
DA:264,0
DA:265,0
DA:271,0
DA:276,0
DA:277,0
LF:75
LH:0
BRDA:21,0,0,0
BRDA:21,0,1,0
BRDA:66,1,0,0
BRDA:66,2,0,0
BRDA:66,3,0,0
BRDA:113,4,0,0
BRDA:121,5,0,0
BRDA:121,5,1,0
BRDA:179,6,0,0
BRDA:179,6,1,0
BRDA:215,7,0,0
BRDA:215,7,1,0
BRDA:223,8,0,0
BRDA:223,8,1,0
BRDA:264,9,0,0
BRDA:264,9,1,0
BRF:16
BRH:0
end_of_record
TN:
SF:controllers\dashboardController.js
FN:5,(anonymous_0)
FN:31,(anonymous_1)
FN:43,(anonymous_2)
FN:50,(anonymous_3)
FN:56,(anonymous_4)
FN:61,(anonymous_5)
FNF:6
FNH:6
FNDA:5,(anonymous_0)
FNDA:2,(anonymous_1)
FNDA:1,(anonymous_2)
FNDA:1,(anonymous_3)
FNDA:1,(anonymous_4)
FNDA:1,(anonymous_5)
DA:1,1
DA:2,1
DA:3,1
DA:5,1
DA:6,5
DA:7,5
DA:8,5
DA:11,5
DA:16,4
DA:18,4
DA:24,4
DA:30,4
DA:31,2
DA:36,4
DA:42,4
DA:43,1
DA:48,4
DA:50,1
DA:56,1
DA:61,1
DA:64,4
DA:80,1
LF:22
LH:22
BRDA:66,0,0,4
BRDA:66,0,1,2
BRDA:66,1,0,4
BRDA:66,1,1,2
BRDA:67,2,0,4
BRDA:67,2,1,2
BRDA:68,3,0,4
BRDA:68,3,1,2
BRF:8
BRH:8
end_of_record
TN:
SF:controllers\dashboardSearch.js
FN:5,(anonymous_0)
FN:54,(anonymous_1)
FN:66,(anonymous_2)
FN:78,(anonymous_3)
FN:88,(anonymous_4)
FN:92,(anonymous_5)
FNF:6
FNH:0
FNDA:0,(anonymous_0)
FNDA:0,(anonymous_1)
FNDA:0,(anonymous_2)
FNDA:0,(anonymous_3)
FNDA:0,(anonymous_4)
FNDA:0,(anonymous_5)
DA:1,0
DA:2,0
DA:3,0
DA:5,0
DA:6,0
DA:7,0
DA:8,0
DA:11,0
DA:14,0
DA:15,0
DA:20,0
DA:21,0
DA:23,0
DA:24,0
DA:29,0
DA:30,0
DA:36,0
DA:41,0
DA:47,0
DA:53,0
DA:54,0
DA:59,0
DA:65,0
DA:66,0
DA:71,0
DA:78,0
DA:88,0
DA:92,0
DA:95,0
DA:115,0
DA:116,0
LF:31
LH:0
BRDA:14,0,0,0
BRDA:14,0,1,0
BRDA:14,1,0,0
BRDA:14,1,1,0
BRDA:23,2,0,0
BRDA:23,2,1,0
BRDA:23,3,0,0
BRDA:23,3,1,0
BRDA:29,4,0,0
BRDA:29,4,1,0
BRDA:97,5,0,0
BRDA:97,5,1,0
BRDA:97,6,0,0
BRDA:97,6,1,0
BRDA:98,7,0,0
BRDA:98,7,1,0
BRDA:99,8,0,0
BRDA:99,8,1,0
BRF:18
BRH:0
end_of_record
TN:
SF:controllers\expenseController.js
FN:6,(anonymous_0)
FN:31,(anonymous_1)
FN:41,(anonymous_2)
FN:51,(anonymous_3)
FN:87,(anonymous_4)
FN:92,(anonymous_5)
FN:109,(anonymous_6)
FN:119,(anonymous_7)
FNF:8
FNH:8
FNDA:5,(anonymous_0)
FNDA:3,(anonymous_1)
FNDA:2,(anonymous_2)
FNDA:5,(anonymous_3)
FNDA:2,(anonymous_4)
FNDA:1,(anonymous_5)
FNDA:4,(anonymous_6)
FNDA:6,(anonymous_7)
DA:1,1
DA:3,1
DA:6,1
DA:7,5
DA:9,5
DA:10,5
DA:12,5
DA:13,3
DA:16,5
DA:24,5
DA:25,4
DA:27,1
DA:31,1
DA:32,3
DA:33,3
DA:34,3
DA:35,2
DA:37,1
DA:41,1
DA:42,2
DA:43,2
DA:44,2
DA:45,1
DA:47,1
DA:51,1
DA:52,5
DA:53,5
DA:55,5
DA:56,5
DA:59,5
DA:60,1
DA:64,4
DA:65,3
DA:66,1
DA:69,2
DA:70,1
DA:74,1
DA:75,1
DA:76,1
DA:77,1
DA:79,1
DA:80,1
DA:82,1
DA:83,1
DA:87,1
DA:88,2
DA:90,2
DA:91,2
DA:92,1
DA:98,1
DA:99,1
DA:100,1
DA:101,1
DA:102,1
DA:104,1
DA:109,1
DA:110,4
DA:112,4
DA:113,4
DA:119,6
DA:120,3
DA:122,1
DA:123,1
LF:63
LH:63
BRDA:12,0,0,3
BRDA:12,0,1,2
BRDA:12,1,0,5
BRDA:12,1,1,4
BRDA:12,1,2,3
BRDA:59,2,0,1
BRDA:59,2,1,4
BRDA:59,3,0,5
BRDA:59,3,1,5
BRDA:59,3,2,4
BRDA:65,4,0,1
BRDA:65,4,1,2
BRDA:69,5,0,1
BRDA:69,5,1,1
BRF:14
BRH:14
end_of_record
TN:
SF:controllers\expenseSearch.js
FN:4,(anonymous_0)
FNF:1
FNH:0
FNDA:0,(anonymous_0)
DA:1,0
DA:2,0
DA:4,0
DA:5,0
DA:6,0
DA:7,0
DA:10,0
DA:13,0
DA:14,0
DA:19,0
DA:20,0
DA:22,0
DA:23,0
DA:28,0
DA:29,0
DA:35,0
DA:41,0
DA:46,0
DA:49,0
DA:59,0
DA:60,0
LF:21
LH:0
BRDA:13,0,0,0
BRDA:13,0,1,0
BRDA:13,1,0,0
BRDA:13,1,1,0
BRDA:22,2,0,0
BRDA:22,2,1,0
BRDA:22,3,0,0
BRDA:22,3,1,0
BRDA:28,4,0,0
BRDA:28,4,1,0
BRDA:46,5,0,0
BRDA:46,5,1,0
BRF:12
BRH:0
end_of_record
TN:
SF:controllers\financeController.js
FN:2,(anonymous_0)
FNF:1
FNH:0
FNDA:0,(anonymous_0)
DA:2,0
DA:3,0
LF:2
LH:0
BRF:0
BRH:0
end_of_record
TN:
SF:controllers\incomeController.js
FN:6,(anonymous_0)
FN:33,(anonymous_1)
FN:45,(anonymous_2)
FN:55,(anonymous_3)
FN:92,(anonymous_4)
FN:98,(anonymous_5)
FN:115,(anonymous_6)
FN:125,(anonymous_7)
FNF:8
FNH:8
FNDA:5,(anonymous_0)
FNDA:3,(anonymous_1)
FNDA:2,(anonymous_2)
FNDA:5,(anonymous_3)
FNDA:3,(anonymous_4)
FNDA:1,(anonymous_5)
FNDA:4,(anonymous_6)
FNDA:7,(anonymous_7)
DA:1,1
DA:3,1
DA:6,1
DA:7,5
DA:9,5
DA:10,5
DA:13,5
DA:14,3
DA:17,2
DA:25,2
DA:26,1
DA:28,1
DA:33,1
DA:34,3
DA:36,3
DA:37,3
DA:38,2
DA:40,1
DA:45,1
DA:46,2
DA:47,2
DA:48,1
DA:50,1
DA:55,1
DA:56,5
DA:57,5
DA:59,5
DA:60,5
DA:63,5
DA:64,1
DA:68,4
DA:69,3
DA:70,1
DA:73,2
DA:74,1
DA:78,1
DA:79,1
DA:80,1
DA:81,1
DA:83,1
DA:84,1
DA:86,1
DA:87,1
DA:92,1
DA:93,3
DA:95,3
DA:96,3
DA:98,2
DA:104,2
DA:105,2
DA:106,2
DA:107,2
DA:108,2
DA:110,1
DA:115,1
DA:116,4
DA:118,4
DA:119,4
DA:125,7
DA:126,3
DA:128,1
DA:129,1
LF:62
LH:62
BRDA:13,0,0,3
BRDA:13,0,1,2
BRDA:13,1,0,5
BRDA:13,1,1,4
BRDA:13,1,2,3
BRDA:63,2,0,1
BRDA:63,2,1,4
BRDA:63,3,0,5
BRDA:63,3,1,5
BRDA:63,3,2,4
BRDA:69,4,0,1
BRDA:69,4,1,2
BRDA:73,5,0,1
BRDA:73,5,1,1
BRF:14
BRH:14
end_of_record
TN:
SF:controllers\incomeSearch.js
FN:4,(anonymous_0)
FNF:1
FNH:0
FNDA:0,(anonymous_0)
DA:1,0
DA:2,0
DA:4,0
DA:5,0
DA:6,0
DA:7,0
DA:10,0
DA:13,0
DA:14,0
DA:19,0
DA:20,0
DA:22,0
DA:23,0
DA:28,0
DA:29,0
DA:35,0
DA:41,0
DA:46,0
DA:49,0
DA:59,0
DA:60,0
LF:21
LH:0
BRDA:13,0,0,0
BRDA:13,0,1,0
BRDA:13,1,0,0
BRDA:13,1,1,0
BRDA:22,2,0,0
BRDA:22,2,1,0
BRDA:22,3,0,0
BRDA:22,3,1,0
BRDA:28,4,0,0
BRDA:28,4,1,0
BRDA:46,5,0,0
BRDA:46,5,1,0
BRF:12
BRH:0
end_of_record
TN:
SF:controllers\marketController.js
FN:15,calculate24hStats
FN:181,(anonymous_1)
FN:262,(anonymous_2)
FN:264,(anonymous_3)
FN:264,(anonymous_4)
FN:351,(anonymous_5)
FN:432,(anonymous_6)
FN:434,(anonymous_7)
FN:436,(anonymous_8)
FN:467,(anonymous_9)
FN:505,(anonymous_10)
FN:528,(anonymous_11)
FN:591,(anonymous_12)
FN:620,(anonymous_13)
FN:683,(anonymous_14)
FN:712,(anonymous_15)
FN:974,isMarketOpen
FN:988,(anonymous_17)
FN:1010,(anonymous_18)
FN:1025,formatLastUpdate
FN:1043,(anonymous_20)
FNF:21
FNH:0
FNDA:0,calculate24hStats
FNDA:0,(anonymous_1)
FNDA:0,(anonymous_2)
FNDA:0,(anonymous_3)
FNDA:0,(anonymous_4)
FNDA:0,(anonymous_5)
FNDA:0,(anonymous_6)
FNDA:0,(anonymous_7)
FNDA:0,(anonymous_8)
FNDA:0,(anonymous_9)
FNDA:0,(anonymous_10)
FNDA:0,(anonymous_11)
FNDA:0,(anonymous_12)
FNDA:0,(anonymous_13)
FNDA:0,(anonymous_14)
FNDA:0,(anonymous_15)
FNDA:0,isMarketOpen
FNDA:0,(anonymous_17)
FNDA:0,(anonymous_18)
FNDA:0,formatLastUpdate
FNDA:0,(anonymous_20)
DA:6,0
DA:7,0
DA:8,0
DA:16,0
DA:18,0
DA:23,0
DA:25,0
DA:26,0
DA:31,0
DA:41,0
DA:45,0
DA:65,0
DA:70,0
DA:71,0
DA:74,0
DA:76,0
DA:77,0
DA:79,0
DA:94,0
DA:105,0
DA:110,0
DA:111,0
DA:115,0
DA:117,0
DA:118,0
DA:119,0
DA:121,0
DA:122,0
DA:123,0
DA:125,0
DA:127,0
DA:128,0
DA:129,0
DA:130,0
DA:133,0
DA:134,0
DA:135,0
DA:136,0
DA:139,0
DA:140,0
DA:144,0
DA:146,0
DA:147,0
DA:149,0
DA:150,0
DA:151,0
DA:152,0
DA:153,0
DA:154,0
DA:155,0
DA:158,0
DA:172,0
DA:173,0
DA:181,0
DA:182,0
DA:184,0
DA:185,0
DA:188,0
DA:190,0
DA:191,0
DA:193,0
DA:194,0
DA:201,0
DA:206,0
DA:207,0
DA:210,0
DA:213,0
DA:215,0
DA:216,0
DA:220,0
DA:221,0
DA:222,0
DA:223,0
DA:224,0
DA:225,0
DA:227,0
DA:245,0
DA:247,0
DA:253,0
DA:254,0
DA:262,0
DA:263,0
DA:264,0
DA:266,0
DA:267,0
DA:270,0
DA:271,0
DA:274,0
DA:275,0
DA:278,0
DA:280,0
DA:281,0
DA:283,0
DA:284,0
DA:286,0
DA:287,0
DA:288,0
DA:292,0
DA:297,0
DA:299,0
DA:300,0
DA:302,0
DA:305,0
DA:306,0
DA:307,0
DA:308,0
DA:310,0
DA:326,0
DA:328,0
DA:331,0
DA:336,0
DA:342,0
DA:343,0
DA:351,0
DA:352,0
DA:353,0
DA:354,0
DA:356,0
DA:357,0
DA:363,0
DA:364,0
DA:367,0
DA:369,0
DA:370,0
DA:372,0
DA:373,0
DA:380,0
DA:381,0
DA:383,0
DA:384,0
DA:385,0
DA:388,0
DA:396,0
DA:398,0
DA:399,0
DA:403,0
DA:405,0
DA:406,0
DA:407,0
DA:409,0
DA:411,0
DA:426,0
DA:431,0
DA:432,0
DA:433,0
DA:434,0
DA:435,0
DA:436,0
DA:440,0
DA:442,0
DA:450,0
DA:452,0
DA:458,0
DA:459,0
DA:467,0
DA:468,0
DA:469,0
DA:470,0
DA:472,0
DA:473,0
DA:480,0
DA:489,0
DA:492,0
DA:501,0
DA:503,0
DA:505,0
DA:511,0
DA:513,0
DA:519,0
DA:520,0
DA:528,0
DA:529,0
DA:531,0
DA:532,0
DA:535,0
DA:537,0
DA:538,0
DA:540,0
DA:541,0
DA:548,0
DA:557,0
DA:559,0
DA:560,0
DA:564,0
DA:566,0
DA:567,0
DA:568,0
DA:570,0
DA:572,0
DA:586,0
DA:591,0
DA:594,0
DA:596,0
DA:603,0
DA:605,0
DA:611,0
DA:612,0
DA:620,0
DA:621,0
DA:623,0
DA:624,0
DA:627,0
DA:629,0
DA:630,0
DA:632,0
DA:633,0
DA:640,0
DA:649,0
DA:651,0
DA:652,0
DA:656,0
DA:658,0
DA:659,0
DA:660,0
DA:662,0
DA:664,0
DA:678,0
DA:683,0
DA:686,0
DA:688,0
DA:695,0
DA:697,0
DA:703,0
DA:704,0
DA:712,0
DA:713,0
DA:715,0
DA:716,0
DA:719,0
DA:721,0
DA:722,0
DA:724,0
DA:725,0
DA:732,0
DA:737,0
DA:738,0
DA:741,0
DA:742,0
DA:743,0
DA:746,0
DA:755,0
DA:761,0
DA:762,0
DA:771,0
DA:794,0
DA:803,0
DA:809,0
DA:810,0
DA:813,0
DA:814,0
DA:815,0
DA:817,0
DA:818,0
DA:820,0
DA:821,0
DA:822,0
DA:823,0
DA:824,0
DA:825,0
DA:826,0
DA:827,0
DA:829,0
DA:852,0
DA:854,0
DA:860,0
DA:861,0
DA:864,0
DA:867,0
DA:876,0
DA:877,0
DA:880,0
DA:889,0
DA:890,0
DA:893,0
DA:909,0
DA:910,0
DA:912,0
DA:914,0
DA:930,0
DA:931,0
DA:932,0
DA:933,0
DA:934,0
DA:935,0
DA:936,0
DA:937,0
DA:939,0
DA:958,0
DA:960,0
DA:966,0
DA:967,0
DA:975,0
DA:976,0
DA:978,0
DA:980,0
DA:982,0
DA:984,0
DA:985,0
DA:986,0
DA:987,0
DA:988,0
DA:990,0
DA:992,0
DA:993,0
DA:994,0
DA:997,0
DA:999,0
DA:1001,0
DA:1006,0
DA:1007,0
DA:1008,0
DA:1009,0
DA:1010,0
DA:1012,0
DA:1014,0
DA:1015,0
DA:1016,0
DA:1019,0
DA:1026,0
DA:1029,0
DA:1031,0
DA:1032,0
DA:1033,0
DA:1034,0
DA:1036,0
DA:1043,0
DA:1044,0
DA:1046,0
DA:1047,0
DA:1050,0
DA:1052,0
DA:1057,0
DA:1058,0
DA:1061,0
DA:1062,0
DA:1065,0
DA:1067,0
DA:1072,0
DA:1073,0
DA:1086,0
DA:1087,0
DA:1088,0
DA:1090,0
DA:1101,0
DA:1104,0
DA:1105,0
LF:346
LH:0
BRDA:23,0,0,0
BRDA:23,0,1,0
BRDA:26,1,0,0
BRDA:26,1,1,0
BRDA:26,1,2,0
BRDA:41,2,0,0
BRDA:41,2,1,0
BRDA:71,3,0,0
BRDA:71,3,1,0
BRDA:74,4,0,0
BRDA:74,4,1,0
BRDA:77,5,0,0
BRDA:77,5,1,0
BRDA:83,6,0,0
BRDA:83,6,1,0
BRDA:84,7,0,0
BRDA:84,7,1,0
BRDA:85,8,0,0
BRDA:85,8,1,0
BRDA:86,9,0,0
BRDA:86,9,1,0
BRDA:115,10,0,0
BRDA:115,10,1,0
BRDA:121,11,0,0
BRDA:121,11,1,0
BRDA:125,12,0,0
BRDA:125,12,1,0
BRDA:127,13,0,0
BRDA:127,13,1,0
BRDA:144,14,0,0
BRDA:144,14,1,0
BRDA:147,15,0,0
BRDA:147,15,1,0
BRDA:162,16,0,0
BRDA:162,16,1,0
BRDA:182,17,0,0
BRDA:182,17,1,0
BRDA:184,18,0,0
BRDA:184,18,1,0
BRDA:193,19,0,0
BRDA:193,19,1,0
BRDA:206,20,0,0
BRDA:206,20,1,0
BRDA:215,21,0,0
BRDA:215,21,1,0
BRDA:222,22,0,0
BRDA:222,22,1,0
BRDA:223,23,0,0
BRDA:223,23,1,0
BRDA:224,24,0,0
BRDA:224,24,1,0
BRDA:225,25,0,0
BRDA:225,25,1,0
BRDA:235,26,0,0
BRDA:235,26,1,0
BRDA:238,27,0,0
BRDA:238,27,1,0
BRDA:263,28,0,0
BRDA:263,28,1,0
BRDA:266,29,0,0
BRDA:266,29,1,0
BRDA:270,30,0,0
BRDA:270,30,1,0
BRDA:286,31,0,0
BRDA:286,31,1,0
BRDA:297,32,0,0
BRDA:297,32,1,0
BRDA:302,33,0,0
BRDA:302,33,1,0
BRDA:306,34,0,0
BRDA:306,34,1,0
BRDA:307,35,0,0
BRDA:307,35,1,0
BRDA:308,36,0,0
BRDA:308,36,1,0
BRDA:317,37,0,0
BRDA:317,37,1,0
BRDA:320,38,0,0
BRDA:320,38,1,0
BRDA:352,39,0,0
BRDA:352,39,1,0
BRDA:353,40,0,0
BRDA:353,40,1,0
BRDA:356,41,0,0
BRDA:356,41,1,0
BRDA:363,42,0,0
BRDA:363,42,1,0
BRDA:369,43,0,0
BRDA:369,43,1,0
BRDA:372,44,0,0
BRDA:372,44,1,0
BRDA:383,45,0,0
BRDA:383,45,1,0
BRDA:398,46,0,0
BRDA:398,46,1,0
BRDA:409,47,0,0
BRDA:409,47,1,0
BRDA:409,48,0,0
BRDA:409,48,1,0
BRDA:417,49,0,0
BRDA:417,49,1,0
BRDA:418,50,0,0
BRDA:418,50,1,0
BRDA:419,51,0,0
BRDA:419,51,1,0
BRDA:420,52,0,0
BRDA:420,52,1,0
BRDA:421,53,0,0
BRDA:421,53,1,0
BRDA:431,54,0,0
BRDA:431,54,1,0
BRDA:433,55,0,0
BRDA:433,55,1,0
BRDA:435,56,0,0
BRDA:435,56,1,0
BRDA:444,57,0,0
BRDA:444,57,1,0
BRDA:472,58,0,0
BRDA:472,58,1,0
BRDA:506,59,0,0
BRDA:506,59,1,0
BRDA:529,60,0,0
BRDA:529,60,1,0
BRDA:531,61,0,0
BRDA:531,61,1,0
BRDA:540,62,0,0
BRDA:540,62,1,0
BRDA:559,63,0,0
BRDA:559,63,1,0
BRDA:570,64,0,0
BRDA:570,64,1,0
BRDA:570,65,0,0
BRDA:570,65,1,0
BRDA:578,66,0,0
BRDA:578,66,1,0
BRDA:579,67,0,0
BRDA:579,67,1,0
BRDA:580,68,0,0
BRDA:580,68,1,0
BRDA:581,69,0,0
BRDA:581,69,1,0
BRDA:582,70,0,0
BRDA:582,70,1,0
BRDA:621,71,0,0
BRDA:621,71,1,0
BRDA:623,72,0,0
BRDA:623,72,1,0
BRDA:632,73,0,0
BRDA:632,73,1,0
BRDA:651,74,0,0
BRDA:651,74,1,0
BRDA:662,75,0,0
BRDA:662,75,1,0
BRDA:662,76,0,0
BRDA:662,76,1,0
BRDA:670,77,0,0
BRDA:670,77,1,0
BRDA:671,78,0,0
BRDA:671,78,1,0
BRDA:672,79,0,0
BRDA:672,79,1,0
BRDA:673,80,0,0
BRDA:673,80,1,0
BRDA:674,81,0,0
BRDA:674,81,1,0
BRDA:713,82,0,0
BRDA:713,82,1,0
BRDA:715,83,0,0
BRDA:715,83,1,0
BRDA:724,84,0,0
BRDA:724,84,1,0
BRDA:737,85,0,0
BRDA:737,85,1,0
BRDA:743,86,0,0
BRDA:743,86,1,0
BRDA:743,86,2,0
BRDA:761,87,0,0
BRDA:761,87,1,0
BRDA:761,88,0,0
BRDA:761,88,1,0
BRDA:809,89,0,0
BRDA:809,89,1,0
BRDA:814,90,0,0
BRDA:814,90,1,0
BRDA:815,91,0,0
BRDA:815,91,1,0
BRDA:818,92,0,0
BRDA:818,92,1,0
BRDA:822,93,0,0
BRDA:822,93,1,0
BRDA:823,94,0,0
BRDA:823,94,1,0
BRDA:826,95,0,0
BRDA:826,95,1,0
BRDA:827,96,0,0
BRDA:827,96,1,0
BRDA:839,97,0,0
BRDA:839,97,1,0
BRDA:839,97,2,0
BRDA:860,98,0,0
BRDA:860,98,1,0
BRDA:877,99,0,0
BRDA:877,99,1,0
BRDA:890,100,0,0
BRDA:890,100,1,0
BRDA:910,101,0,0
BRDA:910,101,1,0
BRDA:915,102,0,0
BRDA:915,102,1,0
BRDA:918,103,0,0
BRDA:918,103,1,0
BRDA:921,104,0,0
BRDA:921,104,1,0
BRDA:924,105,0,0
BRDA:924,105,1,0
BRDA:936,106,0,0
BRDA:936,106,1,0
BRDA:937,107,0,0
BRDA:937,107,1,0
BRDA:975,108,0,0
BRDA:975,108,1,0
BRDA:978,109,0,0
BRDA:978,109,1,0
BRDA:982,110,0,0
BRDA:982,110,1,0
BRDA:990,111,0,0
BRDA:990,111,1,0
BRDA:990,112,0,0
BRDA:990,112,1,0
BRDA:997,113,0,0
BRDA:997,113,1,0
BRDA:997,114,0,0
BRDA:997,114,1,0
BRDA:999,115,0,0
BRDA:999,115,1,0
BRDA:999,116,0,0
BRDA:999,116,1,0
BRDA:1012,117,0,0
BRDA:1012,117,1,0
BRDA:1012,118,0,0
BRDA:1012,118,1,0
BRDA:1019,119,0,0
BRDA:1019,119,1,0
BRDA:1026,120,0,0
BRDA:1026,120,1,0
BRDA:1044,121,0,0
BRDA:1044,121,1,0
BRDA:1046,122,0,0
BRDA:1046,122,1,0
BRDA:1057,123,0,0
BRDA:1057,123,1,0
BRDA:1062,124,0,0
BRDA:1062,124,1,0
BRDA:1072,125,0,0
BRDA:1072,125,1,0
BRF:255
BRH:0
end_of_record
TN:
SF:controllers\messageController.js
FN:10,(anonymous_0)
FN:141,(anonymous_1)
FN:211,(anonymous_2)
FN:240,(anonymous_3)
FN:249,(anonymous_4)
FN:283,(anonymous_5)
FN:336,(anonymous_6)
FN:394,(anonymous_7)
FNF:8
FNH:0
FNDA:0,(anonymous_0)
FNDA:0,(anonymous_1)
FNDA:0,(anonymous_2)
FNDA:0,(anonymous_3)
FNDA:0,(anonymous_4)
FNDA:0,(anonymous_5)
FNDA:0,(anonymous_6)
FNDA:0,(anonymous_7)
DA:1,0
DA:2,0
DA:3,0
DA:10,0
DA:11,0
DA:12,0
DA:13,0
DA:14,0
DA:17,0
DA:18,0
DA:25,0
DA:30,0
DA:31,0
DA:38,0
DA:39,0
DA:40,0
DA:44,0
DA:51,0
DA:54,0
DA:57,0
DA:60,0
DA:61,0
DA:69,0
DA:76,0
DA:77,0
DA:78,0
DA:80,0
DA:89,0
DA:92,0
DA:104,0
DA:105,0
DA:106,0
DA:107,0
DA:110,0
DA:111,0
DA:112,0
DA:113,0
DA:116,0
DA:127,0
DA:128,0
DA:141,0
DA:142,0
DA:143,0
DA:144,0
DA:145,0
DA:148,0
DA:149,0
DA:156,0
DA:161,0
DA:162,0
DA:169,0
DA:170,0
DA:171,0
DA:175,0
DA:182,0
DA:183,0
DA:184,0
DA:185,0
DA:188,0
DA:193,0
DA:194,0
DA:195,0
DA:196,0
DA:199,0
DA:201,0
DA:203,0
DA:211,0
DA:212,0
DA:215,0
DA:216,0
DA:217,0
DA:218,0
DA:219,0
DA:222,0
DA:223,0
DA:226,0
DA:227,0
DA:228,0
DA:232,0
DA:240,0
DA:241,0
DA:244,0
DA:249,0
DA:257,0
DA:258,0
DA:259,0
DA:260,0
DA:263,0
DA:264,0
DA:265,0
DA:266,0
DA:270,0
DA:280,0
DA:283,0
DA:284,0
DA:285,0
DA:289,0
DA:293,0
DA:296,0
DA:303,0
DA:304,0
DA:305,0
DA:307,0
DA:313,0
DA:316,0
DA:319,0
DA:320,0
DA:326,0
DA:336,0
DA:337,0
DA:338,0
DA:339,0
DA:340,0
DA:343,0
DA:348,0
DA:349,0
DA:356,0
DA:357,0
DA:359,0
DA:360,0
DA:361,0
DA:366,0
DA:372,0
DA:374,0
DA:380,0
DA:381,0
DA:394,0
DA:395,0
DA:396,0
DA:397,0
DA:400,0
DA:405,0
DA:406,0
DA:413,0
DA:418,0
DA:419,0
DA:426,0
DA:427,0
DA:429,0
DA:434,0
DA:435,0
LF:141
LH:0
BRDA:13,0,0,0
BRDA:17,1,0,0
BRDA:17,1,1,0
BRDA:17,2,0,0
BRDA:17,2,1,0
BRDA:30,3,0,0
BRDA:30,3,1,0
BRDA:38,4,0,0
BRDA:38,4,1,0
BRDA:95,5,0,0
BRDA:95,5,1,0
BRDA:97,6,0,0
BRDA:97,6,1,0
BRDA:110,7,0,0
BRDA:110,7,1,0
BRDA:110,8,0,0
BRDA:110,8,1,0
BRDA:111,9,0,0
BRDA:111,9,1,0
BRDA:144,10,0,0
BRDA:148,11,0,0
BRDA:148,11,1,0
BRDA:148,12,0,0
BRDA:148,12,1,0
BRDA:161,13,0,0
BRDA:161,13,1,0
BRDA:169,14,0,0
BRDA:169,14,1,0
BRDA:217,15,0,0
BRDA:217,15,1,0
BRDA:222,16,0,0
BRDA:222,16,1,0
BRDA:222,17,0,0
BRDA:222,17,1,0
BRDA:226,18,0,0
BRDA:226,18,1,0
BRDA:226,19,0,0
BRDA:226,19,1,0
BRDA:228,20,0,0
BRDA:228,20,1,0
BRDA:247,21,0,0
BRDA:247,21,1,0
BRDA:263,22,0,0
BRDA:263,22,1,0
BRDA:263,23,0,0
BRDA:263,23,1,0
BRDA:264,24,0,0
BRDA:264,24,1,0
BRDA:319,25,0,0
BRDA:319,25,1,0
BRDA:339,26,0,0
BRDA:348,27,0,0
BRDA:348,27,1,0
BRDA:357,28,0,0
BRDA:357,28,1,0
BRDA:360,29,0,0
BRDA:360,29,1,0
BRDA:405,30,0,0
BRDA:405,30,1,0
BRDA:418,31,0,0
BRDA:418,31,1,0
BRF:61
BRH:0
end_of_record
TN:
SF:controllers\newsController.js
FN:30,(anonymous_0)
FN:54,(anonymous_1)
FN:57,(anonymous_2)
FN:65,(anonymous_3)
FN:87,(anonymous_4)
FN:102,(anonymous_5)
FNF:6
FNH:0
FNDA:0,(anonymous_0)
FNDA:0,(anonymous_1)
FNDA:0,(anonymous_2)
FNDA:0,(anonymous_3)
FNDA:0,(anonymous_4)
FNDA:0,(anonymous_5)
DA:1,0
DA:2,0
DA:3,0
DA:5,0
DA:8,0
DA:26,0
DA:27,0
DA:30,0
DA:32,0
DA:33,0
DA:37,0
DA:40,0
DA:41,0
DA:44,0
DA:45,0
DA:46,0
DA:47,0
DA:49,0
DA:50,0
DA:54,0
DA:55,0
DA:56,0
DA:58,0
DA:59,0
DA:63,0
DA:65,0
DA:77,0
DA:78,0
DA:84,0
DA:87,0
DA:88,0
DA:89,0
DA:91,0
DA:96,0
DA:99,0
DA:102,0
DA:103,0
DA:104,0
DA:111,0
DA:112,0
LF:40
LH:0
BRDA:32,0,0,0
BRDA:32,0,1,0
BRDA:32,1,0,0
BRDA:32,1,1,0
BRDA:37,2,0,0
BRDA:37,2,1,0
BRDA:37,2,2,0
BRDA:40,3,0,0
BRDA:40,3,1,0
BRDA:40,4,0,0
BRDA:40,4,1,0
BRDA:47,5,0,0
BRDA:47,5,1,0
BRF:13
BRH:0
end_of_record
TN:
SF:controllers\newsDashboardController.js
FN:9,(anonymous_0)
FN:17,(anonymous_1)
FN:58,(anonymous_2)
FN:95,(anonymous_3)
FNF:4
FNH:0
FNDA:0,(anonymous_0)
FNDA:0,(anonymous_1)
FNDA:0,(anonymous_2)
FNDA:0,(anonymous_3)
DA:1,0
DA:2,0
DA:3,0
DA:4,0
DA:6,0
DA:7,0
DA:9,0
DA:10,0
DA:12,0
DA:13,0
DA:17,0
DA:18,0
DA:19,0
DA:20,0
DA:21,0
DA:25,0
DA:43,0
DA:50,0
DA:51,0
DA:52,0
DA:55,0
DA:58,0
DA:59,0
DA:60,0
DA:66,0
DA:67,0
DA:68,0
DA:71,0
DA:81,0
DA:82,0
DA:86,0
DA:87,0
DA:89,0
DA:92,0
DA:95,0
DA:96,0
DA:99,0
DA:102,0
DA:103,0
DA:104,0
LF:40
LH:0
BRDA:12,0,0,0
BRDA:12,0,1,0
BRDA:12,1,0,0
BRDA:12,1,1,0
BRDA:18,2,0,0
BRDA:18,2,1,0
BRDA:50,3,0,0
BRDA:50,3,1,0
BRDA:66,4,0,0
BRDA:66,4,1,0
BRF:10
BRH:0
end_of_record
TN:
SF:controllers\predictionController.js
FN:12,(anonymous_0)
FN:62,(anonymous_1)
FN:121,(anonymous_2)
FN:141,(anonymous_3)
FNF:4
FNH:0
FNDA:0,(anonymous_0)
FNDA:0,(anonymous_1)
FNDA:0,(anonymous_2)
FNDA:0,(anonymous_3)
DA:1,0
DA:2,0
DA:3,0
DA:5,0
DA:6,0
DA:12,0
DA:13,0
DA:14,0
DA:16,0
DA:17,0
DA:21,0
DA:22,0
DA:24,0
DA:25,0
DA:26,0
DA:32,0
DA:35,0
DA:52,0
DA:54,0
DA:55,0
DA:62,0
DA:72,0
DA:82,0
DA:85,0
DA:87,0
DA:89,0
DA:95,0
DA:97,0
DA:98,0
DA:104,0
DA:105,0
DA:111,0
DA:121,0
DA:122,0
DA:123,0
DA:124,0
DA:126,0
DA:128,0
DA:133,0
DA:134,0
DA:141,0
DA:142,0
DA:143,0
DA:144,0
DA:150,0
LF:45
LH:0
BRDA:5,0,0,0
BRDA:5,0,1,0
BRDA:16,1,0,0
BRDA:16,1,1,0
BRDA:24,2,0,0
BRDA:24,2,1,0
BRDA:54,3,0,0
BRDA:54,3,1,0
BRDA:97,4,0,0
BRDA:97,4,1,0
BRDA:104,5,0,0
BRDA:104,5,1,0
BRDA:107,6,0,0
BRDA:107,6,1,0
BRDA:147,7,0,0
BRDA:147,7,1,0
BRDA:153,8,0,0
BRDA:153,8,1,0
BRF:18
BRH:0
end_of_record
TN:
SF:controllers\priceController.js
FN:10,getTableForTimeframe
FN:26,getTimeframeDuration
FN:41,(anonymous_2)
FN:129,(anonymous_3)
FN:187,(anonymous_4)
FN:303,(anonymous_5)
FN:318,(anonymous_6)
FN:354,(anonymous_7)
FN:389,(anonymous_8)
FNF:9
FNH:0
FNDA:0,getTableForTimeframe
FNDA:0,getTimeframeDuration
FNDA:0,(anonymous_2)
FNDA:0,(anonymous_3)
FNDA:0,(anonymous_4)
FNDA:0,(anonymous_5)
FNDA:0,(anonymous_6)
FNDA:0,(anonymous_7)
FNDA:0,(anonymous_8)
DA:3,0
DA:4,0
DA:5,0
DA:11,0
DA:19,0
DA:27,0
DA:35,0
DA:41,0
DA:42,0
DA:43,0
DA:45,0
DA:47,0
DA:52,0
DA:53,0
DA:56,0
DA:57,0
DA:60,0
DA:61,0
DA:62,0
DA:63,0
DA:72,0
DA:78,0
DA:80,0
DA:81,0
DA:82,0
DA:92,0
DA:98,0
DA:100,0
DA:102,0
DA:103,0
DA:111,0
DA:112,0
DA:129,0
DA:130,0
DA:131,0
DA:132,0
DA:133,0
DA:134,0
DA:136,0
DA:137,0
DA:140,0
DA:141,0
DA:142,0
DA:149,0
DA:151,0
DA:156,0
DA:157,0
DA:160,0
DA:163,0
DA:164,0
DA:166,0
DA:168,0
DA:169,0
DA:172,0
DA:173,0
DA:174,0
DA:178,0
DA:179,0
DA:180,0
DA:182,0
DA:185,0
DA:186,0
DA:188,0
DA:189,0
DA:190,0
DA:191,0
DA:193,0
DA:205,0
DA:206,0
DA:207,0
DA:208,0
DA:209,0
DA:210,0
DA:214,0
DA:226,0
DA:227,0
DA:230,0
DA:231,0
DA:234,0
DA:235,0
DA:236,0
DA:240,0
DA:241,0
DA:250,0
DA:251,0
DA:252,0
DA:255,0
DA:256,0
DA:257,0
DA:261,0
DA:263,0
DA:266,0
DA:269,0
DA:270,0
DA:271,0
DA:273,0
DA:282,0
DA:284,0
DA:285,0
DA:303,0
DA:313,0
DA:316,0
DA:317,0
DA:319,0
DA:320,0
DA:321,0
DA:322,0
DA:324,0
DA:336,0
DA:337,0
DA:338,0
DA:339,0
DA:340,0
DA:341,0
DA:346,0
DA:347,0
DA:354,0
DA:355,0
DA:359,0
DA:372,0
DA:373,0
DA:389,0
DA:391,0
DA:392,0
DA:393,0
DA:394,0
DA:395,0
DA:398,0
DA:399,0
DA:400,0
DA:402,0
LF:131
LH:0
BRDA:19,0,0,0
BRDA:19,0,1,0
BRDA:35,1,0,0
BRDA:35,1,1,0
BRDA:42,2,0,0
BRDA:42,2,1,0
BRDA:43,3,0,0
BRDA:43,3,1,0
BRDA:52,4,0,0
BRDA:52,4,1,0
BRDA:61,5,0,0
BRDA:61,5,1,0
BRDA:80,6,0,0
BRDA:80,6,1,0
BRDA:100,7,0,0
BRDA:100,7,1,0
BRDA:130,8,0,0
BRDA:130,8,1,0
BRDA:131,9,0,0
BRDA:131,9,1,0
BRDA:132,10,0,0
BRDA:132,10,1,0
BRDA:136,11,0,0
BRDA:136,11,1,0
BRDA:141,12,0,0
BRDA:141,12,1,0
BRDA:156,13,0,0
BRDA:156,13,1,0
BRDA:166,14,0,0
BRDA:166,14,1,0
BRDA:166,15,0,0
BRDA:166,15,1,0
BRDA:169,16,0,0
BRDA:169,16,1,0
BRDA:172,17,0,0
BRDA:172,17,1,0
BRDA:172,18,0,0
BRDA:172,18,1,0
BRDA:174,19,0,0
BRDA:174,19,1,0
BRDA:178,20,0,0
BRDA:178,20,1,0
BRDA:178,21,0,0
BRDA:178,21,1,0
BRDA:180,22,0,0
BRDA:180,22,1,0
BRDA:180,23,0,0
BRDA:180,23,1,0
BRDA:180,23,2,0
BRDA:206,24,0,0
BRDA:206,24,1,0
BRDA:209,25,0,0
BRDA:209,25,1,0
BRDA:231,26,0,0
BRDA:231,26,1,0
BRDA:240,27,0,0
BRDA:240,27,1,0
BRDA:250,28,0,0
BRDA:250,28,1,0
BRDA:261,29,0,0
BRDA:261,29,1,0
BRDA:284,30,0,0
BRDA:284,30,1,0
BRDA:337,31,0,0
BRDA:337,31,1,0
BRDA:340,32,0,0
BRDA:340,32,1,0
BRDA:346,33,0,0
BRDA:346,33,1,0
BRDA:346,34,0,0
BRDA:346,34,1,0
BRDA:346,34,2,0
BRDA:347,35,0,0
BRDA:347,35,1,0
BRDA:348,36,0,0
BRDA:348,36,1,0
BRDA:349,37,0,0
BRDA:349,37,1,0
BRDA:350,38,0,0
BRDA:350,38,1,0
BRDA:351,39,0,0
BRDA:351,39,1,0
BRDA:391,40,0,0
BRDA:391,40,1,0
BRDA:392,41,0,0
BRDA:392,41,1,0
BRDA:393,42,0,0
BRDA:393,42,1,0
BRF:88
BRH:0
end_of_record
TN:
SF:controllers\watchlistController.js
FN:13,(anonymous_0)
FN:14,(anonymous_1)
FN:24,(anonymous_2)
FN:27,(anonymous_3)
FN:37,(anonymous_4)
FN:47,(anonymous_5)
FN:61,(anonymous_6)
FN:84,(anonymous_7)
FN:96,(anonymous_8)
FN:113,(anonymous_9)
FN:126,(anonymous_10)
FNF:11
FNH:11
FNDA:9,(anonymous_0)
FNDA:2,(anonymous_1)
FNDA:16,(anonymous_2)
FNDA:5,(anonymous_3)
FNDA:5,(anonymous_4)
FNDA:6,(anonymous_5)
FNDA:1,(anonymous_6)
FNDA:5,(anonymous_7)
FNDA:1,(anonymous_8)
FNDA:5,(anonymous_9)
FNDA:4,(anonymous_10)
DA:1,1
DA:4,1
DA:13,1
DA:14,9
DA:15,2
DA:16,1
DA:17,1
DA:18,1
DA:20,1
DA:24,1
DA:25,16
DA:26,12
DA:27,5
DA:31,1
DA:33,12
DA:37,1
DA:38,5
DA:39,5
DA:40,4
DA:42,1
DA:47,1
DA:48,6
DA:50,6
DA:51,6
DA:53,6
DA:54,2
DA:57,4
DA:58,4
DA:60,3
DA:61,1
DA:64,3
DA:65,1
DA:68,2
DA:75,2
DA:77,2
DA:79,1
DA:84,1
DA:85,5
DA:87,5
DA:89,5
DA:90,2
DA:93,3
DA:94,3
DA:95,2
DA:96,1
DA:99,2
DA:100,1
DA:103,1
DA:104,1
DA:106,1
DA:108,1
DA:113,1
DA:114,5
DA:115,5
DA:117,5
DA:118,1
DA:121,4
DA:122,4
DA:123,3
DA:125,3
DA:126,4
DA:129,3
DA:130,1
DA:133,2
DA:134,2
DA:136,2
DA:138,1
LF:67
LH:67
BRDA:15,0,0,1
BRDA:15,0,1,1
BRDA:16,1,0,1
BRDA:16,1,1,0
BRDA:17,2,0,1
BRDA:17,2,1,0
BRDA:20,3,0,1
BRDA:20,3,1,0
BRDA:26,4,0,1
BRDA:26,4,1,11
BRDA:50,5,0,5
BRDA:50,5,1,1
BRDA:51,6,0,5
BRDA:51,6,1,1
BRDA:53,7,0,2
BRDA:53,7,1,4
BRDA:53,8,0,6
BRDA:53,8,1,5
BRDA:64,9,0,1
BRDA:64,9,1,2
BRDA:87,10,0,4
BRDA:87,10,1,1
BRDA:89,11,0,2
BRDA:89,11,1,3
BRDA:89,12,0,5
BRDA:89,12,1,4
BRDA:99,13,0,1
BRDA:99,13,1,1
BRDA:115,14,0,5
BRDA:115,14,1,0
BRDA:117,15,0,1
BRDA:117,15,1,4
BRDA:129,16,0,1
BRDA:129,16,1,2
BRF:34
BRH:30
end_of_record
TN:
SF:middleware\authMiddleware.js
FN:4,(anonymous_0)
FNF:1
FNH:1
FNDA:7,(anonymous_0)
DA:1,1
DA:2,1
DA:4,1
DA:5,7
DA:6,7
DA:8,6
DA:9,6
DA:10,3
DA:11,2
DA:14,4
LF:10
LH:10
BRDA:6,0,0,1
BRDA:6,0,1,6
BRF:2
BRH:2
end_of_record
TN:
SF:middleware\uploadMiddleware.js
FN:5,(anonymous_0)
FN:8,(anonymous_1)
FN:14,(anonymous_2)
FNF:3
FNH:0
FNDA:0,(anonymous_0)
FNDA:0,(anonymous_1)
FNDA:0,(anonymous_2)
DA:1,0
DA:4,0
DA:6,0
DA:9,0
DA:14,0
DA:15,0
DA:16,0
DA:17,0
DA:20,0
DA:24,0
DA:25,0
LF:11
LH:0
BRDA:16,0,0,0
BRDA:16,0,1,0
BRF:2
BRH:0
end_of_record
TN:
SF:services\aiAgentService.js
FN:7,(anonymous_0)
FN:14,(anonymous_1)
FN:32,(anonymous_2)
FN:57,(anonymous_3)
FN:87,(anonymous_4)
FN:102,(anonymous_5)
FN:117,(anonymous_6)
FN:131,(anonymous_7)
FN:143,(anonymous_8)
FN:159,(anonymous_9)
FNF:10
FNH:0
FNDA:0,(anonymous_0)
FNDA:0,(anonymous_1)
FNDA:0,(anonymous_2)
FNDA:0,(anonymous_3)
FNDA:0,(anonymous_4)
FNDA:0,(anonymous_5)
FNDA:0,(anonymous_6)
FNDA:0,(anonymous_7)
FNDA:0,(anonymous_8)
FNDA:0,(anonymous_9)
DA:1,0
DA:4,0
DA:8,0
DA:15,0
DA:16,0
DA:17,0
DA:18,0
DA:22,0
DA:24,0
DA:25,0
DA:33,0
DA:34,0
DA:42,0
DA:43,0
DA:46,0
DA:48,0
DA:49,0
DA:58,0
DA:59,0
DA:73,0
DA:74,0
DA:77,0
DA:79,0
DA:80,0
DA:88,0
DA:89,0
DA:92,0
DA:94,0
DA:95,0
DA:103,0
DA:104,0
DA:107,0
DA:109,0
DA:110,0
DA:118,0
DA:119,0
DA:120,0
DA:121,0
DA:123,0
DA:124,0
DA:132,0
DA:133,0
DA:134,0
DA:136,0
DA:144,0
DA:145,0
DA:147,0
DA:148,0
DA:149,0
DA:156,0
DA:159,0
DA:160,0
DA:163,0
LF:53
LH:0
BRDA:4,0,0,0
BRDA:4,0,1,0
BRDA:32,1,0,0
BRDA:32,2,0,0
BRDA:42,3,0,0
BRDA:42,3,1,0
BRDA:57,4,0,0
BRDA:57,5,0,0
BRDA:73,6,0,0
BRDA:73,6,1,0
BRDA:143,7,0,0
BRDA:148,8,0,0
BRDA:148,8,1,0
BRF:13
BRH:0
end_of_record
TN:
SF:services\alertSystem.js
FN:38,isInCooldown
FN:49,recordAlertTime
FN:56,createAlert
FN:69,sendAlert
FN:96,emitAlert
FN:113,checkAndAlertChunks
FN:138,checkAndAlertAggregates
FN:163,checkAndAlertJobs
FN:188,checkAndAlertIngestion
FN:213,alertWebSocketDisconnect
FN:226,alertWebSocketReconnect
FN:239,alertWebSocketFailed
FN:252,runHealthChecksWithAlerts
FN:266,startAlertMonitoring
FN:273,(anonymous_14)
FN:283,getAlertHistory
FN:290,clearAlertHistory
FNF:17
FNH:0
FNDA:0,isInCooldown
FNDA:0,recordAlertTime
FNDA:0,createAlert
FNDA:0,sendAlert
FNDA:0,emitAlert
FNDA:0,checkAndAlertChunks
FNDA:0,checkAndAlertAggregates
FNDA:0,checkAndAlertJobs
FNDA:0,checkAndAlertIngestion
FNDA:0,alertWebSocketDisconnect
FNDA:0,alertWebSocketReconnect
FNDA:0,alertWebSocketFailed
FNDA:0,runHealthChecksWithAlerts
FNDA:0,startAlertMonitoring
FNDA:0,(anonymous_14)
FNDA:0,getAlertHistory
FNDA:0,clearAlertHistory
DA:12,0
DA:18,0
DA:21,0
DA:28,0
DA:29,0
DA:32,0
DA:33,0
DA:39,0
DA:40,0
DA:42,0
DA:43,0
DA:50,0
DA:57,0
DA:70,0
DA:73,0
DA:74,0
DA:75,0
DA:76,0
DA:78,0
DA:81,0
DA:82,0
DA:83,0
DA:90,0
DA:97,0
DA:100,0
DA:101,0
DA:104,0
DA:105,0
DA:107,0
DA:114,0
DA:115,0
DA:117,0
DA:118,0
DA:120,0
DA:121,0
DA:131,0
DA:139,0
DA:140,0
DA:142,0
DA:143,0
DA:145,0
DA:146,0
DA:156,0
DA:164,0
DA:165,0
DA:167,0
DA:168,0
DA:170,0
DA:171,0
DA:181,0
DA:189,0
DA:190,0
DA:192,0
DA:193,0
DA:195,0
DA:196,0
DA:206,0
DA:214,0
DA:227,0
DA:240,0
DA:253,0
DA:255,0
DA:256,0
DA:257,0
DA:258,0
DA:260,0
DA:267,0
DA:270,0
DA:273,0
DA:274,0
DA:277,0
DA:284,0
DA:291,0
DA:292,0
DA:295,0
LF:75
LH:0
BRDA:40,0,0,0
BRDA:40,0,1,0
BRDA:56,1,0,0
BRDA:70,2,0,0
BRDA:70,2,1,0
BRDA:71,3,0,0
BRDA:71,3,1,0
BRDA:75,4,0,0
BRDA:75,4,1,0
BRDA:82,5,0,0
BRDA:82,5,1,0
BRDA:96,6,0,0
BRDA:96,7,0,0
BRDA:97,8,0,0
BRDA:97,8,1,0
BRDA:100,9,0,0
BRDA:100,9,1,0
BRDA:117,10,0,0
BRDA:117,10,1,0
BRDA:117,11,0,0
BRDA:117,11,1,0
BRDA:118,12,0,0
BRDA:118,12,1,0
BRDA:142,13,0,0
BRDA:142,13,1,0
BRDA:142,14,0,0
BRDA:142,14,1,0
BRDA:143,15,0,0
BRDA:143,15,1,0
BRDA:167,16,0,0
BRDA:167,16,1,0
BRDA:167,17,0,0
BRDA:167,17,1,0
BRDA:168,18,0,0
BRDA:168,18,1,0
BRDA:192,19,0,0
BRDA:192,19,1,0
BRDA:192,20,0,0
BRDA:192,20,1,0
BRDA:193,21,0,0
BRDA:193,21,1,0
BRDA:213,22,0,0
BRDA:266,23,0,0
BRDA:283,24,0,0
BRF:44
BRH:0
end_of_record
TN:
SF:services\assetLists.js
FNF:0
FNH:0
DA:1,0
LF:1
LH:0
BRF:0
BRH:0
end_of_record
TN:
SF:services\calculatePriceChange.js
FN:13,getCurrentPrice
FN:56,calculateStockChange
FN:104,calculateForexChange
FN:151,calculateCryptoChange
FN:214,calculateCommodityChange
FN:226,calculatePriceChange
FNF:6
FNH:6
FNDA:3,getCurrentPrice
FNDA:13,calculateStockChange
FNDA:5,calculateForexChange
FNDA:6,calculateCryptoChange
FNDA:1,calculateCommodityChange
FNDA:9,calculatePriceChange
DA:4,1
DA:5,1
DA:14,3
DA:16,3
DA:17,3
DA:18,2
DA:22,1
DA:29,1
DA:30,0
DA:34,1
DA:41,1
DA:43,0
DA:44,0
DA:57,13
DA:59,13
DA:66,11
DA:67,2
DA:71,9
DA:72,1
DA:73,1
DA:81,8
DA:82,8
DA:83,8
DA:85,8
DA:91,2
DA:92,2
DA:105,5
DA:107,5
DA:116,4
DA:117,2
DA:124,2
DA:125,1
DA:128,1
DA:129,1
DA:130,1
DA:133,2
DA:134,2
DA:136,2
DA:138,1
DA:139,1
DA:152,6
DA:154,6
DA:162,5
DA:164,3
DA:172,3
DA:174,2
DA:181,2
DA:182,1
DA:185,1
DA:186,1
DA:187,1
DA:190,1
DA:191,1
DA:192,1
DA:195,2
DA:196,2
DA:198,2
DA:200,1
DA:201,1
DA:216,1
DA:227,9
DA:232,9
DA:233,6
DA:234,6
DA:235,2
DA:237,4
DA:240,3
DA:242,3
DA:243,1
DA:246,2
DA:248,1
DA:249,1
DA:252,1
DA:253,1
DA:256,0
DA:257,0
DA:261,6
DA:268,0
DA:269,0
DA:273,1
LF:80
LH:73
BRDA:17,0,0,2
BRDA:17,0,1,1
BRDA:29,1,0,0
BRDA:29,1,1,1
BRDA:41,2,0,0
BRDA:41,2,1,1
BRDA:66,3,0,2
BRDA:66,3,1,9
BRDA:67,4,0,2
BRDA:67,4,1,2
BRDA:67,5,0,2
BRDA:67,5,1,2
BRDA:71,6,0,1
BRDA:71,6,1,8
BRDA:92,7,0,2
BRDA:92,7,1,2
BRDA:92,8,0,2
BRDA:92,8,1,2
BRDA:116,9,0,2
BRDA:116,9,1,2
BRDA:124,10,0,1
BRDA:124,10,1,1
BRDA:162,11,0,3
BRDA:162,11,1,2
BRDA:172,12,0,2
BRDA:172,12,1,1
BRDA:181,13,0,1
BRDA:181,13,1,1
BRDA:232,14,0,6
BRDA:232,14,1,3
BRDA:232,15,0,9
BRDA:232,15,1,4
BRDA:232,15,2,3
BRDA:234,16,0,2
BRDA:234,16,1,4
BRDA:234,17,0,6
BRDA:234,17,1,6
BRDA:234,17,2,3
BRDA:237,18,0,4
BRDA:237,18,1,0
BRDA:242,19,0,1
BRDA:242,19,1,2
BRDA:246,20,0,1
BRDA:246,20,1,1
BRDA:246,20,2,0
BRF:45
BRH:41
end_of_record
TN:
SF:services\currencyConverter.js
FN:18,fetchExchangeRate
FN:42,getExchangeRate
FN:80,convertPrice
FN:114,convertPricesBulk
FN:121,(anonymous_4)
FN:138,refreshExchangeRate
FNF:6
FNH:5
FNDA:4,fetchExchangeRate
FNDA:10,getExchangeRate
FNDA:11,convertPrice
FNDA:5,convertPricesBulk
FNDA:4,(anonymous_4)
FNDA:0,refreshExchangeRate
DA:7,1
DA:8,1
DA:10,1
DA:11,1
DA:12,1
DA:19,4
DA:20,4
DA:25,2
DA:26,1
DA:27,1
DA:28,1
DA:31,1
DA:33,3
DA:34,3
DA:43,10
DA:45,10
DA:47,9
DA:48,5
DA:49,5
DA:50,5
DA:54,4
DA:55,4
DA:57,4
DA:59,1
DA:60,1
DA:64,3
DA:65,3
DA:68,1
DA:69,1
DA:81,11
DA:82,2
DA:85,9
DA:88,9
DA:89,3
DA:97,6
DA:98,6
DA:100,6
DA:115,5
DA:118,3
DA:120,3
DA:122,4
DA:123,4
DA:139,0
DA:140,0
DA:142,0
DA:143,0
DA:144,0
DA:145,0
DA:148,0
DA:149,0
DA:152,1
LF:51
LH:43
BRDA:25,0,0,1
BRDA:25,0,1,1
BRDA:25,1,0,2
BRDA:25,1,1,2
BRDA:25,1,2,1
BRDA:47,2,0,5
BRDA:47,2,1,4
BRDA:57,3,0,1
BRDA:57,3,1,3
BRDA:57,4,0,4
BRDA:57,4,1,1
BRDA:80,5,0,6
BRDA:81,6,0,2
BRDA:81,6,1,9
BRDA:81,7,0,11
BRDA:81,7,1,9
BRDA:85,8,0,9
BRDA:85,8,1,0
BRDA:88,9,0,3
BRDA:88,9,1,6
BRDA:97,10,0,6
BRDA:97,10,1,2
BRDA:115,11,0,2
BRDA:115,11,1,3
BRDA:115,12,0,5
BRDA:115,12,1,4
BRDA:142,13,0,0
BRDA:142,13,1,0
BRDA:142,14,0,0
BRDA:142,14,1,0
BRF:30
BRH:25
end_of_record
TN:
SF:services\fetchBinance.js
FN:6,fetchBinanceOHLC
FN:9,(anonymous_1)
FN:21,fetchAndStore
FNF:3
FNH:0
FNDA:0,fetchBinanceOHLC
FNDA:0,(anonymous_1)
FNDA:0,fetchAndStore
DA:2,0
DA:3,0
DA:4,0
DA:7,0
DA:8,0
DA:9,0
DA:18,0
DA:22,0
DA:23,0
DA:24,0
DA:25,0
DA:28,0
LF:12
LH:0
BRDA:6,0,0,0
BRDA:6,1,0,0
BRDA:21,2,0,0
BRDA:21,3,0,0
BRF:4
BRH:0
end_of_record
TN:
SF:services\fetchOHLCV.js
FN:8,getAssetId
FN:13,fetchAndStoreOHLC
FN:25,(anonymous_2)
FN:32,runBatchFetch
FN:36,(anonymous_4)
FN:36,(anonymous_5)
FN:38,(anonymous_6)
FN:39,(anonymous_7)
FNF:8
FNH:0
FNDA:0,getAssetId
FNDA:0,fetchAndStoreOHLC
FNDA:0,(anonymous_2)
FNDA:0,runBatchFetch
FNDA:0,(anonymous_4)
FNDA:0,(anonymous_5)
FNDA:0,(anonymous_6)
FNDA:0,(anonymous_7)
DA:2,0
DA:3,0
DA:4,0
DA:5,0
DA:6,0
DA:9,0
DA:10,0
DA:14,0
DA:15,0
DA:17,0
DA:18,0
DA:19,0
DA:20,0
DA:23,0
DA:25,0
DA:26,0
DA:27,0
DA:28,0
DA:33,0
DA:34,0
DA:35,0
DA:36,0
DA:37,0
DA:38,0
DA:39,0
DA:41,0
DA:44,0
LF:27
LH:0
BRDA:10,0,0,0
BRDA:10,0,1,0
BRDA:15,1,0,0
BRDA:15,1,1,0
BRDA:18,2,0,0
BRDA:18,2,1,0
BRDA:19,3,0,0
BRDA:19,3,1,0
BRDA:19,4,0,0
BRDA:19,4,1,0
BRDA:19,4,2,0
BRDA:19,4,3,0
BRDA:23,5,0,0
BRDA:23,5,1,0
BRDA:32,6,0,0
BRF:15
BRH:0
end_of_record
TN:
SF:services\fetchTwelve.js
FN:6,mapInterval
FN:11,fetchTwelveOHLC
FN:23,(anonymous_2)
FNF:3
FNH:0
FNDA:0,mapInterval
FNDA:0,fetchTwelveOHLC
FNDA:0,(anonymous_2)
DA:2,0
DA:4,0
DA:7,0
DA:8,0
DA:12,0
DA:13,0
DA:14,0
DA:15,0
DA:17,0
DA:18,0
DA:19,0
DA:22,0
DA:23,0
DA:33,0
DA:34,0
DA:38,0
LF:16
LH:0
BRDA:8,0,0,0
BRDA:8,0,1,0
BRDA:11,1,0,0
BRDA:11,2,0,0
BRDA:17,3,0,0
BRDA:17,3,1,0
BRDA:22,4,0,0
BRDA:22,4,1,0
BRDA:30,5,0,0
BRDA:30,5,1,0
BRF:10
BRH:0
end_of_record
TN:
SF:services\fetchYahoo.js
FN:5,fetchYahooOHLC
FN:35,fetchAndStore
FNF:2
FNH:0
FNDA:0,fetchYahooOHLC
FNDA:0,fetchAndStore
DA:2,0
DA:3,0
DA:6,0
DA:7,0
DA:8,0
DA:9,0
DA:11,0
DA:12,0
DA:13,0
DA:14,0
DA:15,0
DA:16,0
DA:17,0
DA:19,0
DA:20,0
DA:21,0
DA:22,0
DA:32,0
DA:36,0
DA:37,0
DA:38,0
DA:39,0
DA:42,0
LF:23
LH:0
BRDA:5,0,0,0
BRDA:5,1,0,0
BRDA:9,2,0,0
BRDA:9,2,1,0
BRDA:11,3,0,0
BRDA:11,3,1,0
BRDA:12,4,0,0
BRDA:12,4,1,0
BRDA:13,5,0,0
BRDA:13,5,1,0
BRDA:14,6,0,0
BRDA:14,6,1,0
BRDA:15,7,0,0
BRDA:15,7,1,0
BRDA:16,8,0,0
BRDA:16,8,1,0
BRDA:17,9,0,0
BRDA:17,9,1,0
BRDA:21,10,0,0
BRDA:21,10,1,0
BRDA:21,11,0,0
BRDA:21,11,1,0
BRDA:21,11,2,0
BRDA:21,11,3,0
BRDA:29,12,0,0
BRDA:29,12,1,0
BRDA:35,13,0,0
BRDA:35,14,0,0
BRF:28
BRH:0
end_of_record
TN:
SF:services\fix_vn_stock_names.js
FN:12,fixVNStockNames
FN:86,(anonymous_1)
FN:91,(anonymous_2)
FNF:3
FNH:0
FNDA:0,fixVNStockNames
FNDA:0,(anonymous_1)
FNDA:0,(anonymous_2)
DA:8,0
DA:9,0
DA:10,0
DA:13,0
DA:15,0
DA:17,0
DA:18,0
DA:19,0
DA:22,0
DA:24,0
DA:25,0
DA:27,0
DA:28,0
DA:29,0
DA:31,0
DA:33,0
DA:34,0
DA:35,0
DA:38,0
DA:39,0
DA:40,0
DA:41,0
DA:42,0
DA:44,0
DA:46,0
DA:48,0
DA:55,0
DA:56,0
DA:57,0
DA:58,0
DA:61,0
DA:62,0
DA:66,0
DA:67,0
DA:71,0
DA:72,0
DA:73,0
DA:74,0
DA:75,0
DA:76,0
DA:79,0
DA:80,0
DA:85,0
DA:87,0
DA:88,0
DA:89,0
DA:92,0
DA:93,0
DA:94,0
LF:49
LH:0
BRDA:17,0,0,0
BRDA:17,0,1,0
BRDA:35,1,0,0
BRDA:35,1,1,0
BRDA:44,2,0,0
BRDA:44,2,1,0
BRDA:44,3,0,0
BRDA:44,3,1,0
BRDA:55,4,0,0
BRDA:55,4,1,0
BRDA:57,5,0,0
BRDA:57,5,1,0
BRF:12
BRH:0
end_of_record
TN:
SF:services\healthMonitoring.js
FN:12,checkChunkHealth
FN:91,checkAggregatesLag
FN:184,checkJobStatus
FN:277,checkDatabaseSize
FN:330,checkDataIngestion
FN:397,getHealthReport
FN:445,(anonymous_6)
FN:465,(anonymous_7)
FN:484,startHealthMonitoring
FN:491,(anonymous_9)
FN:511,(anonymous_10)
FN:512,(anonymous_11)
FN:516,(anonymous_12)
FNF:13
FNH:0
FNDA:0,checkChunkHealth
FNDA:0,checkAggregatesLag
FNDA:0,checkJobStatus
FNDA:0,checkDatabaseSize
FNDA:0,checkDataIngestion
FNDA:0,getHealthReport
FNDA:0,(anonymous_6)
FNDA:0,(anonymous_7)
FNDA:0,startHealthMonitoring
FNDA:0,(anonymous_9)
FNDA:0,(anonymous_10)
FNDA:0,(anonymous_11)
FNDA:0,(anonymous_12)
DA:6,0
DA:13,0
DA:30,0
DA:32,0
DA:33,0
DA:40,0
DA:43,0
DA:44,0
DA:45,0
DA:46,0
DA:49,0
DA:54,0
DA:55,0
DA:58,0
DA:59,0
DA:60,0
DA:64,0
DA:65,0
DA:66,0
DA:69,0
DA:92,0
DA:102,0
DA:104,0
DA:105,0
DA:112,0
DA:113,0
DA:114,0
DA:117,0
DA:119,0
DA:133,0
DA:135,0
DA:136,0
DA:137,0
DA:138,0
DA:139,0
DA:140,0
DA:141,0
DA:145,0
DA:148,0
DA:151,0
DA:152,0
DA:153,0
DA:154,0
DA:158,0
DA:159,0
DA:160,0
DA:163,0
DA:173,0
DA:185,0
DA:208,0
DA:210,0
DA:211,0
DA:218,0
DA:219,0
DA:220,0
DA:222,0
DA:223,0
DA:226,0
DA:227,0
DA:228,0
DA:232,0
DA:233,0
DA:234,0
DA:235,0
DA:239,0
DA:243,0
DA:244,0
DA:245,0
DA:246,0
DA:249,0
DA:267,0
DA:278,0
DA:287,0
DA:289,0
DA:290,0
DA:297,0
DA:298,0
DA:300,0
DA:301,0
DA:304,0
DA:305,0
DA:306,0
DA:310,0
DA:311,0
DA:312,0
DA:315,0
DA:331,0
DA:344,0
DA:346,0
DA:347,0
DA:354,0
DA:355,0
DA:356,0
DA:358,0
DA:359,0
DA:363,0
DA:366,0
DA:367,0
DA:368,0
DA:369,0
DA:373,0
DA:374,0
DA:375,0
DA:378,0
DA:387,0
DA:398,0
DA:400,0
DA:406,0
DA:408,0
DA:410,0
DA:411,0
DA:412,0
DA:413,0
DA:417,0
DA:418,0
DA:419,0
DA:420,0
DA:424,0
DA:425,0
DA:426,0
DA:427,0
DA:431,0
DA:432,0
DA:433,0
DA:434,0
DA:438,0
DA:439,0
DA:440,0
DA:441,0
DA:445,0
DA:447,0
DA:448,0
DA:449,0
DA:450,0
DA:451,0
DA:452,0
DA:455,0
DA:458,0
DA:459,0
DA:460,0
DA:461,0
DA:463,0
DA:464,0
DA:465,0
DA:467,0
DA:470,0
DA:473,0
DA:474,0
DA:475,0
DA:478,0
DA:485,0
DA:488,0
DA:491,0
DA:492,0
DA:495,0
DA:498,0
DA:509,0
DA:510,0
DA:511,0
DA:513,0
DA:514,0
DA:516,0
LF:162
LH:0
BRDA:32,0,0,0
BRDA:32,0,1,0
BRDA:46,1,0,0
BRDA:46,1,1,0
BRDA:49,2,0,0
BRDA:49,2,1,0
BRDA:58,3,0,0
BRDA:58,3,1,0
BRDA:64,4,0,0
BRDA:64,4,1,0
BRDA:64,5,0,0
BRDA:64,5,1,0
BRDA:104,6,0,0
BRDA:104,6,1,0
BRDA:137,7,0,0
BRDA:137,7,1,0
BRDA:137,8,0,0
BRDA:137,8,1,0
BRDA:151,9,0,0
BRDA:151,9,1,0
BRDA:158,10,0,0
BRDA:158,10,1,0
BRDA:210,11,0,0
BRDA:210,11,1,0
BRDA:226,12,0,0
BRDA:226,12,1,0
BRDA:226,13,0,0
BRDA:226,13,1,0
BRDA:232,14,0,0
BRDA:232,14,1,0
BRDA:239,15,0,0
BRDA:239,15,1,0
BRDA:243,16,0,0
BRDA:243,16,1,0
BRDA:252,17,0,0
BRDA:252,17,1,0
BRDA:257,18,0,0
BRDA:257,18,1,0
BRDA:260,19,0,0
BRDA:260,19,1,0
BRDA:289,20,0,0
BRDA:289,20,1,0
BRDA:304,21,0,0
BRDA:304,21,1,0
BRDA:310,22,0,0
BRDA:310,22,1,0
BRDA:346,23,0,0
BRDA:346,23,1,0
BRDA:359,24,0,0
BRDA:359,24,1,0
BRDA:360,25,0,0
BRDA:360,25,1,0
BRDA:366,26,0,0
BRDA:366,26,1,0
BRDA:366,27,0,0
BRDA:366,27,1,0
BRDA:373,28,0,0
BRDA:373,28,1,0
BRDA:373,29,0,0
BRDA:373,29,1,0
BRDA:382,30,0,0
BRDA:382,30,1,0
BRDA:412,31,0,0
BRDA:412,31,1,0
BRDA:419,32,0,0
BRDA:419,32,1,0
BRDA:426,33,0,0
BRDA:426,33,1,0
BRDA:433,34,0,0
BRDA:433,34,1,0
BRDA:440,35,0,0
BRDA:440,35,1,0
BRDA:447,36,0,0
BRDA:447,36,1,0
BRDA:449,37,0,0
BRDA:449,37,1,0
BRDA:451,38,0,0
BRDA:451,38,1,0
BRDA:463,39,0,0
BRDA:463,39,1,0
BRDA:484,40,0,0
BRDA:509,41,0,0
BRDA:509,41,1,0
BRF:83
BRH:0
end_of_record
TN:
SF:services\ingestAssets.js
FN:11,ingestVietnamStocks
FN:48,ingestUSStocksFallback
FN:81,ingestUSStocks
FN:127,ingestBinance
FN:141,ingestStaticAssets
FN:159,(anonymous_5)
FNF:6
FNH:0
FNDA:0,ingestVietnamStocks
FNDA:0,ingestUSStocksFallback
FNDA:0,ingestUSStocks
FNDA:0,ingestBinance
FNDA:0,ingestStaticAssets
FNDA:0,(anonymous_5)
DA:2,0
DA:3,0
DA:4,0
DA:5,0
DA:6,0
DA:7,0
DA:8,0
DA:12,0
DA:13,0
DA:15,0
DA:16,0
DA:17,0
DA:20,0
DA:21,0
DA:22,0
DA:23,0
DA:24,0
DA:26,0
DA:27,0
DA:29,0
DA:30,0
DA:38,0
DA:41,0
DA:43,0
DA:49,0
DA:51,0
DA:52,0
DA:57,0
DA:58,0
DA:59,0
DA:60,0
DA:63,0
DA:64,0
DA:74,0
DA:76,0
DA:82,0
DA:84,0
DA:85,0
DA:87,0
DA:95,0
DA:97,0
DA:98,0
DA:101,0
DA:103,0
DA:104,0
DA:118,0
DA:120,0
DA:128,0
DA:129,0
DA:131,0
DA:132,0
DA:133,0
DA:134,0
DA:137,0
DA:142,0
DA:144,0
DA:145,0
DA:155,0
DA:159,0
DA:160,0
DA:162,0
DA:164,0
DA:166,0
DA:168,0
DA:170,0
DA:171,0
DA:172,0
DA:174,0
DA:176,0
LF:69
LH:0
BRDA:15,0,0,0
BRDA:15,0,1,0
BRDA:29,1,0,0
BRDA:29,1,1,0
BRDA:57,2,0,0
BRDA:57,2,1,0
BRDA:58,3,0,0
BRDA:58,3,1,0
BRDA:68,4,0,0
BRDA:68,4,1,0
BRDA:68,4,2,0
BRDA:69,5,0,0
BRDA:69,5,1,0
BRDA:97,6,0,0
BRDA:97,6,1,0
BRDA:132,7,0,0
BRDA:132,7,1,0
BRDA:147,8,0,0
BRDA:147,8,1,0
BRF:19
BRH:0
end_of_record
TN:
SF:services\multiProviderFetch.js
FN:34,markProviderFailed
FN:50,markProviderSuccess
FN:68,shouldRetryProvider
FN:83,getProviderStatus
FN:90,fetchCryptoWithFailover
FN:122,fetchStockWithFailover
FN:189,fetchTwelveData
FN:206,(anonymous_7)
FN:222,fetchAlphaVantage
FN:267,fetchWithFailover
FN:278,startProviderHealthCheck
FN:281,(anonymous_11)
FN:284,(anonymous_12)
FN:285,(anonymous_13)
FNF:14
FNH:0
FNDA:0,markProviderFailed
FNDA:0,markProviderSuccess
FNDA:0,shouldRetryProvider
FNDA:0,getProviderStatus
FNDA:0,fetchCryptoWithFailover
FNDA:0,fetchStockWithFailover
FNDA:0,fetchTwelveData
FNDA:0,(anonymous_7)
FNDA:0,fetchAlphaVantage
FNDA:0,fetchWithFailover
FNDA:0,startProviderHealthCheck
FNDA:0,(anonymous_11)
FNDA:0,(anonymous_12)
FNDA:0,(anonymous_13)
DA:16,0
DA:17,0
DA:18,0
DA:21,0
DA:28,0
DA:29,0
DA:35,0
DA:36,0
DA:38,0
DA:39,0
DA:41,0
DA:42,0
DA:43,0
DA:51,0
DA:52,0
DA:54,0
DA:56,0
DA:57,0
DA:58,0
DA:60,0
DA:61,0
DA:69,0
DA:70,0
DA:73,0
DA:76,0
DA:77,0
DA:84,0
DA:92,0
DA:93,0
DA:94,0
DA:96,0
DA:97,0
DA:98,0
DA:104,0
DA:105,0
DA:112,0
DA:113,0
DA:123,0
DA:126,0
DA:127,0
DA:128,0
DA:130,0
DA:131,0
DA:132,0
DA:138,0
DA:139,0
DA:144,0
DA:145,0
DA:146,0
DA:148,0
DA:149,0
DA:150,0
DA:156,0
DA:157,0
DA:162,0
DA:163,0
DA:164,0
DA:166,0
DA:167,0
DA:168,0
DA:174,0
DA:175,0
DA:179,0
DA:180,0
DA:190,0
DA:192,0
DA:202,0
DA:203,0
DA:206,0
DA:216,0
DA:223,0
DA:226,0
DA:230,0
DA:240,0
DA:241,0
DA:243,0
DA:244,0
DA:247,0
DA:249,0
DA:250,0
DA:261,0
DA:268,0
DA:269,0
DA:271,0
DA:279,0
DA:281,0
DA:282,0
DA:283,0
DA:284,0
DA:285,0
DA:287,0
DA:288,0
DA:292,0
DA:295,0
LF:94
LH:0
BRDA:36,0,0,0
BRDA:36,0,1,0
BRDA:41,1,0,0
BRDA:41,1,1,0
BRDA:52,2,0,0
BRDA:52,2,1,0
BRDA:60,3,0,0
BRDA:60,3,1,0
BRDA:70,4,0,0
BRDA:70,4,1,0
BRDA:73,5,0,0
BRDA:73,5,1,0
BRDA:90,6,0,0
BRDA:90,7,0,0
BRDA:92,8,0,0
BRDA:92,8,1,0
BRDA:96,9,0,0
BRDA:96,9,1,0
BRDA:96,10,0,0
BRDA:96,10,1,0
BRDA:122,11,0,0
BRDA:122,12,0,0
BRDA:126,13,0,0
BRDA:126,13,1,0
BRDA:130,14,0,0
BRDA:130,14,1,0
BRDA:130,15,0,0
BRDA:130,15,1,0
BRDA:144,16,0,0
BRDA:144,16,1,0
BRDA:144,17,0,0
BRDA:144,17,1,0
BRDA:148,18,0,0
BRDA:148,18,1,0
BRDA:148,19,0,0
BRDA:148,19,1,0
BRDA:162,20,0,0
BRDA:162,20,1,0
BRDA:162,21,0,0
BRDA:162,21,1,0
BRDA:166,22,0,0
BRDA:166,22,1,0
BRDA:166,23,0,0
BRDA:166,23,1,0
BRDA:189,24,0,0
BRDA:202,25,0,0
BRDA:202,25,1,0
BRDA:213,26,0,0
BRDA:213,26,1,0
BRDA:226,27,0,0
BRDA:226,27,1,0
BRDA:227,28,0,0
BRDA:227,28,1,0
BRDA:228,29,0,0
BRDA:228,29,1,0
BRDA:243,30,0,0
BRDA:243,30,1,0
BRDA:257,31,0,0
BRDA:257,31,1,0
BRDA:268,32,0,0
BRDA:268,32,1,0
BRDA:278,33,0,0
BRDA:287,34,0,0
BRDA:287,34,1,0
BRF:64
BRH:0
end_of_record
TN:
SF:services\priceSymbols.js
FNF:0
FNH:0
DA:3,0
LF:1
LH:0
BRF:0
BRH:0
end_of_record
TN:
SF:services\redisCache.js
FN:4,setPriceLatest
FN:12,getPriceLatest
FN:21,setCandlesCache
FN:29,getCandlesCache
FN:39,setTickerBarCache
FN:47,getTickerBarCache
FNF:6
FNH:0
FNDA:0,setPriceLatest
FNDA:0,getPriceLatest
FNDA:0,setCandlesCache
FNDA:0,getCandlesCache
FNDA:0,setTickerBarCache
FNDA:0,getTickerBarCache
DA:2,0
DA:5,0
DA:6,0
DA:8,0
DA:13,0
DA:14,0
DA:16,0
DA:17,0
DA:22,0
DA:23,0
DA:25,0
DA:30,0
DA:31,0
DA:32,0
DA:34,0
DA:35,0
DA:40,0
DA:41,0
DA:43,0
DA:48,0
DA:49,0
DA:50,0
DA:52,0
DA:53,0
DA:57,0
LF:25
LH:0
BRDA:4,0,0,0
BRDA:21,1,0,0
BRDA:32,2,0,0
BRDA:32,2,1,0
BRDA:39,3,0,0
BRDA:50,4,0,0
BRDA:50,4,1,0
BRF:7
BRH:0
end_of_record
TN:
SF:services\intraday\binanceIntraday.js
FN:17,fetchBinanceIntraday
FN:53,insertTicksToDb
FN:59,(anonymous_2)
FN:83,syncCryptoIntraday
FN:101,syncAllCryptoIntraday
FN:120,(anonymous_5)
FNF:6
FNH:0
FNDA:0,fetchBinanceIntraday
FNDA:0,insertTicksToDb
FNDA:0,(anonymous_2)
FNDA:0,syncCryptoIntraday
FNDA:0,syncAllCryptoIntraday
FNDA:0,(anonymous_5)
DA:6,0
DA:7,0
DA:9,0
DA:18,0
DA:19,0
DA:20,0
DA:27,0
DA:29,0
DA:30,0
DA:33,0
DA:43,0
DA:45,0
DA:46,0
DA:54,0
DA:56,0
DA:57,0
DA:59,0
DA:60,0
DA:61,0
DA:62,0
DA:65,0
DA:71,0
DA:72,0
DA:73,0
DA:75,0
DA:76,0
DA:84,0
DA:86,0
DA:87,0
DA:88,0
DA:89,0
DA:92,0
DA:93,0
DA:95,0
DA:102,0
DA:104,0
DA:110,0
DA:112,0
DA:114,0
DA:115,0
DA:116,0
DA:117,0
DA:120,0
DA:122,0
DA:126,0
DA:127,0
DA:130,0
LF:47
LH:0
BRDA:17,0,0,0
BRDA:17,1,0,0
BRDA:54,2,0,0
BRDA:54,2,1,0
BRDA:54,3,0,0
BRDA:54,3,1,0
BRDA:83,4,0,0
BRDA:83,5,0,0
BRDA:87,6,0,0
BRDA:87,6,1,0
BRDA:101,7,0,0
BRDA:101,8,0,0
BRF:12
BRH:0
end_of_record
TN:
SF:services\intraday\gapDetection.js
FN:12,getLastTickTimestamps
FN:48,calculateCandlesNeeded
FN:93,calculateYahooRange
FN:116,analyzeGaps
FN:183,getSmartSyncParams
FN:203,smartSyncCrypto
FN:211,(anonymous_6)
FN:233,(anonymous_7)
FN:249,smartSyncStocks
FN:257,(anonymous_9)
FN:280,(anonymous_10)
FN:294,detectAndFillGaps
FNF:12
FNH:0
FNDA:0,getLastTickTimestamps
FNDA:0,calculateCandlesNeeded
FNDA:0,calculateYahooRange
FNDA:0,analyzeGaps
FNDA:0,getSmartSyncParams
FNDA:0,smartSyncCrypto
FNDA:0,(anonymous_6)
FNDA:0,(anonymous_7)
FNDA:0,smartSyncStocks
FNDA:0,(anonymous_9)
FNDA:0,(anonymous_10)
FNDA:0,detectAndFillGaps
DA:6,0
DA:13,0
DA:26,0
DA:28,0
DA:30,0
DA:31,0
DA:38,0
DA:49,0
DA:52,0
DA:53,0
DA:54,0
DA:58,0
DA:59,0
DA:60,0
DA:63,0
DA:70,0
DA:73,0
DA:76,0
DA:79,0
DA:80,0
DA:81,0
DA:84,0
DA:85,0
DA:94,0
DA:95,0
DA:98,0
DA:99,0
DA:100,0
DA:102,0
DA:103,0
DA:104,0
DA:105,0
DA:106,0
DA:108,0
DA:109,0
DA:117,0
DA:119,0
DA:121,0
DA:133,0
DA:135,0
DA:136,0
DA:144,0
DA:145,0
DA:146,0
DA:147,0
DA:148,0
DA:149,0
DA:153,0
DA:154,0
DA:156,0
DA:157,0
DA:158,0
DA:160,0
DA:166,0
DA:167,0
DA:168,0
DA:169,0
DA:170,0
DA:171,0
DA:172,0
DA:174,0
DA:184,0
DA:185,0
DA:187,0
DA:189,0
DA:190,0
DA:191,0
DA:193,0
DA:194,0
DA:204,0
DA:206,0
DA:208,0
DA:210,0
DA:211,0
DA:213,0
DA:214,0
DA:215,0
DA:218,0
DA:220,0
DA:222,0
DA:223,0
DA:225,0
DA:227,0
DA:229,0
DA:230,0
DA:233,0
DA:235,0
DA:239,0
DA:240,0
DA:250,0
DA:252,0
DA:254,0
DA:256,0
DA:257,0
DA:260,0
DA:261,0
DA:262,0
DA:265,0
DA:267,0
DA:269,0
DA:270,0
DA:272,0
DA:274,0
DA:276,0
DA:277,0
DA:280,0
DA:282,0
DA:286,0
DA:287,0
DA:295,0
DA:296,0
DA:298,0
DA:300,0
DA:303,0
DA:306,0
DA:308,0
DA:309,0
DA:310,0
DA:311,0
DA:312,0
DA:313,0
DA:315,0
DA:322,0
DA:323,0
DA:327,0
LF:125
LH:0
BRDA:33,0,0,0
BRDA:33,0,1,0
BRDA:48,1,0,0
BRDA:52,2,0,0
BRDA:52,2,1,0
BRDA:70,3,0,0
BRDA:70,3,1,0
BRDA:79,4,0,0
BRDA:79,4,1,0
BRDA:94,5,0,0
BRDA:94,5,1,0
BRDA:102,6,0,0
BRDA:102,6,1,0
BRDA:103,7,0,0
BRDA:103,7,1,0
BRDA:104,8,0,0
BRDA:104,8,1,0
BRDA:105,9,0,0
BRDA:105,9,1,0
BRDA:106,10,0,0
BRDA:106,10,1,0
BRDA:140,11,0,0
BRDA:140,11,1,0
BRDA:144,12,0,0
BRDA:144,12,1,0
BRDA:146,13,0,0
BRDA:146,13,1,0
BRDA:148,14,0,0
BRDA:148,14,1,0
BRDA:153,15,0,0
BRDA:153,15,1,0
BRDA:157,16,0,0
BRDA:157,16,1,0
BRDA:183,17,0,0
BRDA:187,18,0,0
BRDA:187,18,1,0
BRDA:189,19,0,0
BRDA:189,19,1,0
BRDA:203,20,0,0
BRDA:213,21,0,0
BRDA:213,21,1,0
BRDA:249,22,0,0
BRDA:249,23,0,0
BRDA:257,24,0,0
BRDA:257,24,1,0
BRDA:260,25,0,0
BRDA:260,25,1,0
BRF:47
BRH:0
end_of_record
TN:
SF:services\intraday\yahooIntraday.js
FN:17,fetchYahooIntraday
FN:59,insertTicksToDb
FN:65,(anonymous_2)
FN:89,cleanYahooSymbol
FN:102,syncStockIntraday
FN:121,syncAllStockIntraday
FN:144,(anonymous_6)
FNF:7
FNH:0
FNDA:0,fetchYahooIntraday
FNDA:0,insertTicksToDb
FNDA:0,(anonymous_2)
FNDA:0,cleanYahooSymbol
FNDA:0,syncStockIntraday
FNDA:0,syncAllStockIntraday
FNDA:0,(anonymous_6)
DA:6,0
DA:7,0
DA:9,0
DA:18,0
DA:19,0
DA:20,0
DA:25,0
DA:26,0
DA:27,0
DA:30,0
DA:31,0
DA:33,0
DA:35,0
DA:37,0
DA:39,0
DA:49,0
DA:51,0
DA:52,0
DA:60,0
DA:62,0
DA:63,0
DA:65,0
DA:66,0
DA:67,0
DA:68,0
DA:71,0
DA:77,0
DA:78,0
DA:79,0
DA:81,0
DA:82,0
DA:90,0
DA:91,0
DA:92,0
DA:93,0
DA:94,0
DA:96,0
DA:103,0
DA:104,0
DA:106,0
DA:107,0
DA:108,0
DA:109,0
DA:112,0
DA:113,0
DA:115,0
DA:122,0
DA:124,0
DA:134,0
DA:136,0
DA:138,0
DA:139,0
DA:140,0
DA:141,0
DA:144,0
DA:146,0
DA:150,0
DA:151,0
DA:154,0
LF:59
LH:0
BRDA:17,0,0,0
BRDA:17,1,0,0
BRDA:26,2,0,0
BRDA:26,2,1,0
BRDA:26,3,0,0
BRDA:26,3,1,0
BRDA:37,4,0,0
BRDA:37,4,1,0
BRDA:42,5,0,0
BRDA:42,5,1,0
BRDA:60,6,0,0
BRDA:60,6,1,0
BRDA:60,7,0,0
BRDA:60,7,1,0
BRDA:90,8,0,0
BRDA:90,8,1,0
BRDA:93,9,0,0
BRDA:93,9,1,0
BRDA:102,10,0,0
BRDA:102,11,0,0
BRDA:107,12,0,0
BRDA:107,12,1,0
BRDA:121,13,0,0
BRDA:121,14,0,0
BRDA:121,15,0,0
BRF:25
BRH:0
end_of_record
TN:
SF:services\utils\upsertAsset.js
FN:4,upsertAsset
FNF:1
FNH:0
FNDA:0,upsertAsset
DA:2,0
DA:5,0
DA:6,0
DA:7,0
DA:19,0
DA:21,0
DA:25,0
LF:7
LH:0
BRDA:4,0,0,0
BRF:1
BRH:0
end_of_record
TN:
SF:services\utils\upsertOHLCV.js
FN:8,normalizeRow
FN:48,upsertOHLCBatch
FN:98,upsertOHLCRow
FNF:3
FNH:0
FNDA:0,normalizeRow
FNDA:0,upsertOHLCBatch
FNDA:0,upsertOHLCRow
DA:2,0
DA:9,0
DA:19,0
DA:22,0
DA:24,0
DA:25,0
DA:26,0
DA:28,0
DA:30,0
DA:31,0
DA:49,0
DA:50,0
DA:51,0
DA:52,0
DA:54,0
DA:65,0
DA:66,0
DA:67,0
DA:68,0
DA:70,0
DA:71,0
DA:73,0
DA:82,0
DA:85,0
DA:86,0
DA:88,0
DA:89,0
DA:91,0
DA:99,0
DA:100,0
DA:103,0
LF:31
LH:0
BRDA:9,0,0,0
BRDA:9,0,1,0
BRDA:11,1,0,0
BRDA:11,1,1,0
BRDA:16,2,0,0
BRDA:16,2,1,0
BRDA:19,3,0,0
BRDA:19,3,1,0
BRDA:24,4,0,0
BRDA:24,4,1,0
BRDA:26,5,0,0
BRDA:26,5,1,0
BRDA:33,6,0,0
BRDA:33,6,1,0
BRDA:38,7,0,0
BRDA:38,7,1,0
BRDA:49,8,0,0
BRDA:49,8,1,0
BRDA:49,9,0,0
BRDA:49,9,1,0
BRDA:68,10,0,0
BRDA:68,10,1,0
BRF:22
BRH:0
end_of_record
